2023-03-18T20:03:27+0700 - INFO: Main process started...
================================================================================
2023-03-18T20:03:27+0700 - INFO: Started for 'private_higher_education'
2023-03-18T20:03:29+0700 - CRITICAL: Captcha appeared for 'private_higher_education'
2023-03-18T20:03:29+0700 - INFO: Saving files...
2023-03-18T20:03:29+0700 - INFO: Main process finished for 2.76 s
2023-03-18T20:08:23+0700 - INFO: Main process started...
================================================================================
2023-03-18T20:11:29+0700 - INFO: Main process started...
================================================================================
2023-03-18T20:11:29+0700 - INFO: Started for 'private_higher_education'
2023-03-18T20:11:32+0700 - CRITICAL: Captcha appeared for 'private_higher_education'
2023-03-18T20:11:32+0700 - INFO: Saving files...
2023-03-18T20:11:32+0700 - INFO: Main process finished for 2.93 s
2023-03-18T21:12:06+0700 - INFO: Main process started...
================================================================================
2023-03-18T21:12:06+0700 - INFO: Started for 'private_higher_education'
2023-03-18T21:12:06+0700 - CRITICAL: Captcha appeared for 'private_higher_education'
2023-03-18T21:12:06+0700 - INFO: Saving files...
2023-03-18T21:12:06+0700 - INFO: Main process finished for 0.0 s
2023-03-18T21:12:12+0700 - INFO: Main process started...
================================================================================
2023-03-18T21:12:12+0700 - INFO: Started for 'private_higher_education'
2023-03-18T21:12:12+0700 - CRITICAL: Captcha appeared for 'private_higher_education'
2023-03-18T21:12:12+0700 - INFO: Saving files...
2023-03-18T21:12:12+0700 - INFO: Main process finished for 0.0 s
2023-03-18T21:12:43+0700 - INFO: Main process started...
================================================================================
2023-03-18T21:12:43+0700 - INFO: Started for 'private_higher_education'
2023-03-18T21:12:46+0700 - CRITICAL: Captcha appeared for 'private_higher_education'
2023-03-18T21:12:46+0700 - INFO: Saving files...
2023-03-18T21:12:46+0700 - INFO: Main process finished for 2.76 s
2023-03-18T21:12:57+0700 - INFO: Main process started...
================================================================================
2023-03-18T21:12:57+0700 - INFO: Started for 'private_higher_education'
2023-03-18T21:13:00+0700 - CRITICAL: Captcha appeared for 'private_higher_education'
2023-03-18T21:13:00+0700 - INFO: Saving files...
2023-03-18T21:13:00+0700 - INFO: Main process finished for 2.84 s
